# JRE version: Java(TM) SE Runtime Environment (21.0.4+8) (build 21.0.4+8-LTS-274)
# Java VM: Java HotSpot(TM) 64-Bit Server VM (21.0.4+8-LTS-274, mixed mode, sharing, tiered, compressed oops, compressed class ptrs, g1 gc, windows-amd64)
GC Precious Log:
 CardTable entry size: 512
 Card Set container configuration: InlinePtr #cards 5 size 8 Array Of Cards #cards 12 size 40 Howl #buckets 4 coarsen threshold 1843 Howl Bitmap #cards 512 size 80 coarsen threshold 460 Card regions per heap region 1 cards per card region 2048
 CPUs: 4 total, 4 available
 Memory: 16279M
 Large Page Support: Disabled
 NUMA Support: Disabled
 Compressed Oops: Enabled (32-bit)
 Heap Region Size: 1M
 Heap Min Capacity: 256M
 Heap Initial Capacity: 256M
 Heap Max Capacity: 512M
 Pre-touch: Disabled
 Parallel Workers: 4
 Concurrent Workers: 1
 Concurrent Refinement Workers: 4
 Periodic GC: Disabled
Heap:
 garbage-first heap   total 262144K, used 111933K [0x00000000e0000000, 0x0000000100000000)
  region size 1024K, 58 young (59392K), 1 survivors (1024K)
 Metaspace       used 71235K, committed 75008K, reserved 393216K
  class space    used 9502K, committed 11200K, reserved 327680K
GC Heap History (20 events):
Event: 446617.350 GC heap before
{Heap before GC invocations=59 (full 0):
 garbage-first heap   total 262144K, used 206938K [0x00000000e0000000, 0x0000000100000000)
  region size 1024K, 153 young (156672K), 7 survivors (7168K)
 Metaspace       used 71225K, committed 74944K, reserved 393216K
  class space    used 9502K, committed 11200K, reserved 327680K
}
Event: 446617.359 GC heap after
{Heap after GC invocations=60 (full 0):
 garbage-first heap   total 262144K, used 57558K [0x00000000e0000000, 0x0000000100000000)
  region size 1024K, 7 young (7168K), 7 survivors (7168K)
 Metaspace       used 71225K, committed 74944K, reserved 393216K
  class space    used 9502K, committed 11200K, reserved 327680K
}
Event: 446618.055 GC heap before
{Heap before GC invocations=61 (full 0):
 garbage-first heap   total 262144K, used 207062K [0x00000000e0000000, 0x0000000100000000)
  region size 1024K, 153 young (156672K), 7 survivors (7168K)
 Metaspace       used 71225K, committed 74944K, reserved 393216K
  class space    used 9502K, committed 11200K, reserved 327680K
}
Event: 446618.065 GC heap after
{Heap after GC invocations=62 (full 0):
 garbage-first heap   total 262144K, used 57627K [0x00000000e0000000, 0x0000000100000000)
  region size 1024K, 7 young (7168K), 7 survivors (7168K)
 Metaspace       used 71225K, committed 74944K, reserved 393216K
  class space    used 9502K, committed 11200K, reserved 327680K
}
Event: 446618.664 GC heap before
{Heap before GC invocations=62 (full 0):
 garbage-first heap   total 262144K, used 207131K [0x00000000e0000000, 0x0000000100000000)
  region size 1024K, 153 young (156672K), 7 survivors (7168K)
 Metaspace       used 71225K, committed 74944K, reserved 393216K
  class space    used 9502K, committed 11200K, reserved 327680K
}
Event: 446618.675 GC heap after
{Heap after GC invocations=63 (full 0):
 garbage-first heap   total 262144K, used 55989K [0x00000000e0000000, 0x0000000100000000)
  region size 1024K, 7 young (7168K), 7 survivors (7168K)
 Metaspace       used 71225K, committed 74944K, reserved 393216K
  class space    used 9502K, committed 11200K, reserved 327680K
}
Event: 446619.274 GC heap before
{Heap before GC invocations=63 (full 0):
 garbage-first heap   total 262144K, used 205493K [0x00000000e0000000, 0x0000000100000000)
  region size 1024K, 153 young (156672K), 7 survivors (7168K)
 Metaspace       used 71225K, committed 74944K, reserved 393216K
  class space    used 9502K, committed 11200K, reserved 327680K
}
Event: 446619.283 GC heap after
{Heap after GC invocations=64 (full 0):
 garbage-first heap   total 262144K, used 56307K [0x00000000e0000000, 0x0000000100000000)
  region size 1024K, 8 young (8192K), 8 survivors (8192K)
 Metaspace       used 71225K, committed 74944K, reserved 393216K
  class space    used 9502K, committed 11200K, reserved 327680K
}
Event: 446621.090 GC heap before
{Heap before GC invocations=65 (full 0):
 garbage-first heap   total 262144K, used 204787K [0x00000000e0000000, 0x0000000100000000)
  region size 1024K, 153 young (156672K), 8 survivors (8192K)
 Metaspace       used 71226K, committed 74944K, reserved 393216K
  class space    used 9502K, committed 11200K, reserved 327680K
}
Event: 446621.101 GC heap after
{Heap after GC invocations=66 (full 0):
 garbage-first heap   total 262144K, used 55920K [0x00000000e0000000, 0x0000000100000000)
  region size 1024K, 7 young (7168K), 7 survivors (7168K)
 Metaspace       used 71226K, committed 74944K, reserved 393216K
  class space    used 9502K, committed 11200K, reserved 327680K
}
Event: 446667.068 GC heap before
{Heap before GC invocations=66 (full 0):
 garbage-first heap   total 262144K, used 204400K [0x00000000e0000000, 0x0000000100000000)
  region size 1024K, 153 young (156672K), 7 survivors (7168K)
 Metaspace       used 71226K, committed 74944K, reserved 393216K
  class space    used 9502K, committed 11200K, reserved 327680K
}
Event: 446667.079 GC heap after
{Heap after GC invocations=67 (full 0):
 garbage-first heap   total 262144K, used 55258K [0x00000000e0000000, 0x0000000100000000)
  region size 1024K, 7 young (7168K), 7 survivors (7168K)
 Metaspace       used 71226K, committed 74944K, reserved 393216K
  class space    used 9502K, committed 11200K, reserved 327680K
}
Event: 446701.194 GC heap before
{Heap before GC invocations=67 (full 0):
 garbage-first heap   total 262144K, used 204762K [0x00000000e0000000, 0x0000000100000000)
  region size 1024K, 153 young (156672K), 7 survivors (7168K)
 Metaspace       used 71226K, committed 74944K, reserved 393216K
  class space    used 9502K, committed 11200K, reserved 327680K
}
Event: 446701.204 GC heap after
{Heap after GC invocations=68 (full 0):
 garbage-first heap   total 262144K, used 55189K [0x00000000e0000000, 0x0000000100000000)
  region size 1024K, 7 young (7168K), 7 survivors (7168K)
 Metaspace       used 71226K, committed 74944K, reserved 393216K
  class space    used 9502K, committed 11200K, reserved 327680K
}
Event: 446728.747 GC heap before
{Heap before GC invocations=69 (full 0):
 garbage-first heap   total 262144K, used 204693K [0x00000000e0000000, 0x0000000100000000)
  region size 1024K, 153 young (156672K), 7 survivors (7168K)
 Metaspace       used 71226K, committed 74944K, reserved 393216K
  class space    used 9502K, committed 11200K, reserved 327680K
}
Event: 446728.764 GC heap after
{Heap after GC invocations=70 (full 0):
 garbage-first heap   total 262144K, used 55227K [0x00000000e0000000, 0x0000000100000000)
  region size 1024K, 1 young (1024K), 1 survivors (1024K)
 Metaspace       used 71226K, committed 74944K, reserved 393216K
  class space    used 9502K, committed 11200K, reserved 327680K
}
Event: 451924.675 GC heap before
{Heap before GC invocations=70 (full 0):
 garbage-first heap   total 262144K, used 210875K [0x00000000e0000000, 0x0000000100000000)
  region size 1024K, 153 young (156672K), 1 survivors (1024K)
 Metaspace       used 71235K, committed 75008K, reserved 393216K
  class space    used 9502K, committed 11200K, reserved 327680K
}
Event: 451924.703 GC heap after
{Heap after GC invocations=71 (full 0):
 garbage-first heap   total 262144K, used 54882K [0x00000000e0000000, 0x0000000100000000)
  region size 1024K, 1 young (1024K), 1 survivors (1024K)
 Metaspace       used 71235K, committed 75008K, reserved 393216K
  class space    used 9502K, committed 11200K, reserved 327680K
}
Event: 586679.988 GC heap before
{Heap before GC invocations=71 (full 0):
 garbage-first heap   total 262144K, used 210530K [0x00000000e0000000, 0x0000000100000000)
  region size 1024K, 153 young (156672K), 1 survivors (1024K)
 Metaspace       used 71235K, committed 75008K, reserved 393216K
  class space    used 9502K, committed 11200K, reserved 327680K
}
Event: 586680.000 GC heap after
{Heap after GC invocations=72 (full 0):
 garbage-first heap   total 262144K, used 54589K [0x00000000e0000000, 0x0000000100000000)
  region size 1024K, 1 young (1024K), 1 survivors (1024K)
 Metaspace       used 71235K, committed 75008K, reserved 393216K
  class space    used 9502K, committed 11200K, reserved 327680K
}

